{"D:\\project\\backend-skinx\\src\\utils\\db.ts": {"path":"D:\\project\\backend-skinx\\src\\utils\\db.ts","statementMap":{"0":{"start":{"line":1,"column":0},"end":{"line":1,"column":24}},"1":{"start":{"line":2,"column":0},"end":{"line":2,"column":28}},"2":{"start":{"line":3,"column":0},"end":{"line":3,"column":16}},"3":{"start":{"line":5,"column":30},"end":{"line":20,"column":2}},"4":{"start":{"line":22,"column":38},"end":{"line":22,"column":42}},"5":{"start":{"line":24,"column":26},"end":{"line":33,"column":2}},"6":{"start":{"line":24,"column":37},"end":{"line":33,"column":2}},"7":{"start":{"line":25,"column":2},"end":{"line":32,"column":3}},"8":{"start":{"line":26,"column":4},"end":{"line":26,"column":40}},"9":{"start":{"line":27,"column":4},"end":{"line":27,"column":43}},"10":{"start":{"line":29,"column":4},"end":{"line":29,"column":59}},"11":{"start":{"line":30,"column":4},"end":{"line":30,"column":16}},"12":{"start":{"line":31,"column":4},"end":{"line":31,"column":14}},"13":{"start":{"line":24,"column":13},"end":{"line":24,"column":26}},"14":{"start":{"line":35,"column":26},"end":{"line":40,"column":1}},"15":{"start":{"line":36,"column":2},"end":{"line":38,"column":3}},"16":{"start":{"line":37,"column":4},"end":{"line":37,"column":79}},"17":{"start":{"line":39,"column":2},"end":{"line":39,"column":14}},"18":{"start":{"line":35,"column":13},"end":{"line":35,"column":26}}},"fnMap":{"0":{"name":"(anonymous_8)","decl":{"start":{"line":24,"column":26},"end":{"line":24,"column":35}},"loc":{"start":{"line":24,"column":37},"end":{"line":33,"column":2}}},"1":{"name":"(anonymous_9)","decl":{"start":{"line":24,"column":37},"end":{"line":24,"column":null}},"loc":{"start":{"line":24,"column":37},"end":{"line":33,"column":1}}},"2":{"name":"(anonymous_10)","decl":{"start":{"line":35,"column":26},"end":{"line":35,"column":29}},"loc":{"start":{"line":35,"column":31},"end":{"line":40,"column":1}}}},"branchMap":{"0":{"loc":{"start":{"line":36,"column":2},"end":{"line":38,"column":3}},"type":"if","locations":[{"start":{"line":36,"column":2},"end":{"line":38,"column":3}}]}},"s":{"0":1,"1":1,"2":1,"3":1,"4":1,"5":1,"6":1,"7":1,"8":1,"9":1,"10":0,"11":0,"12":0,"13":1,"14":1,"15":2,"16":1,"17":1,"18":1},"f":{"0":1,"1":1,"2":2},"b":{"0":[1]}}
}
